-------------------------------------------------------------------------------
Test set: com.aremu.classes.BankTest
-------------------------------------------------------------------------------
Tests run: 4, Failures: 1, Errors: 0, Skipped: 0, Time elapsed: 0.145 s <<< FAILURE! - in com.aremu.classes.BankTest
com.aremu.classes.BankTest.listCustomers  Time elapsed: 0.011 s  <<< FAILURE!
java.lang.AssertionError
	at com.aremu.classes.BankTest.listCustomers(BankTest.java:48)

